Solid Edge Translation to STEP
Date: Wednesday,April 26,2023 10:32PM
Output File: C:\Users\Joseph\Documents\Crash-Sat\Crash-Sat\Car Mount\solid edge\load cell wood block.stp
Author: Unknown
Organization: Unknown
Source System: Solid Edge

Hardware:
Processor: Intel(R) Core(TM) i7-8750H CPU @ 2.20GHz
Operating System: Windows 8
Installed Memory: 7.85 GB

Software Information
Parasolid Version: 30.1.256
PSBodyShop Version: 30.1.94
Step Adapter Version: 4.0.40
Solid Edge Version: 219.00.00.091 x64

STEP Export Options
Export Format: AP214
Export Construction Sheets: Off
Export Construction Solids: Off
Export Construction Wires: Off
Export Displayed Parts Only: Off
Export Units: Millimeters
Export Part Component Names As Unicode: Off

Phase 1 of 1 Translating Parasolid to foreign data types...
Translation process completed
Time required to translate:00 : 00 : 01
